2023-08-06 08:52:13.381351 - Initialized conversion of CBT984
2023-08-06 08:52:16.469654 - Received CBT.V505.FILE984.PDS from FILE984.XMI 
2023-08-06 08:52:16.472205 - Found $$$#DATE.txt (text/plain) in CBT.V505.FILE984.PDS, moved to PDS/$$$#DATE
2023-08-06 08:52:16.473296 - Found $$TEMP$$.txt (text/plain) in CBT.V505.FILE984.PDS, moved to PDS/$$TEMP$$
2023-08-06 08:52:16.474282 - Found $PANELS$.txt (text/plain) in CBT.V505.FILE984.PDS, moved to PDS/$PANELS$
2023-08-06 08:52:16.475222 - Found $README$.txt (text/plain) in CBT.V505.FILE984.PDS, moved to PDS/$README$
2023-08-06 08:52:16.476558 - Found @FILE984.txt (text/plain) in CBT.V505.FILE984.PDS, moved to PDS/@FILE984
2023-08-06 08:52:16.477529 - Found ADATA2RX.rexx (text/plain) in CBT.V505.FILE984.PDS, moved to PDS/ADATA2RX
2023-08-06 08:52:16.478574 - Found AGE.rexx (text/plain) in CBT.V505.FILE984.PDS, moved to PDS/AGE
2023-08-06 08:52:16.479604 - Found ANYREXX.rexx (text/plain) in CBT.V505.FILE984.PDS, moved to PDS/ANYREXX
2023-08-06 08:52:16.480469 - Found ANYREXXI.txt (text/plain) in CBT.V505.FILE984.PDS, moved to PDS/ANYREXXI
2023-08-06 08:52:16.481363 - Found ASMA90RX.rexx (text/plain) in CBT.V505.FILE984.PDS, moved to PDS/ASMA90RX
2023-08-06 08:52:16.482219 - Found BENCHMRK.rexx (text/plain) in CBT.V505.FILE984.PDS, moved to PDS/BENCHMRK
2023-08-06 08:52:16.483063 - Found BIORYTHM.rexx (text/plain) in CBT.V505.FILE984.PDS, moved to PDS/BIORYTHM
2023-08-06 08:52:16.483944 - Found BLKFCTR.rexx (text/plain) in CBT.V505.FILE984.PDS, moved to PDS/BLKFCTR
2023-08-06 08:52:16.484851 - Found BLKLTRS.rexx (text/plain) in CBT.V505.FILE984.PDS, moved to PDS/BLKLTRS
2023-08-06 08:52:16.485838 - Found BUBLSORT.rexx (text/plain) in CBT.V505.FILE984.PDS, moved to PDS/BUBLSORT
2023-08-06 08:52:16.486719 - Found BURNTIME.rexx (text/plain) in CBT.V505.FILE984.PDS, moved to PDS/BURNTIME
2023-08-06 08:52:16.487529 - Found CASEIT.rexx (text/plain) in CBT.V505.FILE984.PDS, moved to PDS/CASEIT
2023-08-06 08:52:16.488316 - Found CHR2BIT.rexx (text/plain) in CBT.V505.FILE984.PDS, moved to PDS/CHR2BIT
2023-08-06 08:52:16.489138 - Found CONDCODE.rexx (text/plain) in CBT.V505.FILE984.PDS, moved to PDS/CONDCODE
2023-08-06 08:52:16.490125 - Found CSRDSN.rexx (text/plain) in CBT.V505.FILE984.PDS, moved to PDS/CSRDSN
2023-08-06 08:52:16.491040 - Found CSV2FIXC.rexx (text/plain) in CBT.V505.FILE984.PDS, moved to PDS/CSV2FIXC
2023-08-06 08:52:16.491888 - Found DATECNV.rexx (text/plain) in CBT.V505.FILE984.PDS, moved to PDS/DATECNV
2023-08-06 08:52:16.492698 - Found DB2REXX.rexx (text/plain) in CBT.V505.FILE984.PDS, moved to PDS/DB2REXX
2023-08-06 08:52:16.493613 - Found DDBYCBLK.rexx (text/plain) in CBT.V505.FILE984.PDS, moved to PDS/DDBYCBLK
2023-08-06 08:52:16.494581 - Found DDBYLSTA.rexx (text/plain) in CBT.V505.FILE984.PDS, moved to PDS/DDBYLSTA
2023-08-06 08:52:16.495414 - Found DDBYQLIB.rexx (text/plain) in CBT.V505.FILE984.PDS, moved to PDS/DDBYQLIB
2023-08-06 08:52:16.496216 - Found DDBYUSS.rexx (text/plain) in CBT.V505.FILE984.PDS, moved to PDS/DDBYUSS
2023-08-06 08:52:16.497055 - Found DDFINDER.rexx (text/plain) in CBT.V505.FILE984.PDS, moved to PDS/DDFINDER
2023-08-06 08:52:16.498035 - Found DEMO.rexx (text/plain) in CBT.V505.FILE984.PDS, moved to PDS/DEMO
2023-08-06 08:52:16.498877 - Found DEMOATCH.rexx (text/plain) in CBT.V505.FILE984.PDS, moved to PDS/DEMOATCH
2023-08-06 08:52:16.499677 - Found DEMOATCM.rexx (text/plain) in CBT.V505.FILE984.PDS, moved to PDS/DEMOATCM
2023-08-06 08:52:16.500482 - Found DEMOATCP.rexx (text/plain) in CBT.V505.FILE984.PDS, moved to PDS/DEMOATCP
2023-08-06 08:52:16.501308 - Found DEMOCNSL.rexx (text/plain) in CBT.V505.FILE984.PDS, moved to PDS/DEMOCNSL
2023-08-06 08:52:16.502303 - Found DEMODEEP.rexx (text/plain) in CBT.V505.FILE984.PDS, moved to PDS/DEMODEEP
2023-08-06 08:52:16.503336 - Found DEMOINVK.rexx (text/plain) in CBT.V505.FILE984.PDS, moved to PDS/DEMOINVK
2023-08-06 08:52:16.504172 - Found DEMORUN.rexx (text/plain) in CBT.V505.FILE984.PDS, moved to PDS/DEMORUN
2023-08-06 08:52:16.505083 - Found DEMOTBL1.rexx (text/plain) in CBT.V505.FILE984.PDS, moved to PDS/DEMOTBL1
2023-08-06 08:52:16.506195 - Found DEMOVIEW.rexx (text/plain) in CBT.V505.FILE984.PDS, moved to PDS/DEMOVIEW
2023-08-06 08:52:16.507282 - Found DFHRMETA.rexx (text/plain) in CBT.V505.FILE984.PDS, moved to PDS/DFHRMETA
2023-08-06 08:52:16.508354 - Found DFHR1388.rexx (text/plain) in CBT.V505.FILE984.PDS, moved to PDS/DFHR1388
2023-08-06 08:52:16.509398 - Found DISKRVBS.rexx (text/plain) in CBT.V505.FILE984.PDS, moved to PDS/DISKRVBS
2023-08-06 08:52:16.510334 - Found DISPLYSZ.rexx (text/plain) in CBT.V505.FILE984.PDS, moved to PDS/DISPLYSZ
2023-08-06 08:52:16.511261 - Found DRISFAPI.rexx (text/plain) in CBT.V505.FILE984.PDS, moved to PDS/DRISFAPI
2023-08-06 08:52:16.512454 - Found DRISFAP2.rexx (text/plain) in CBT.V505.FILE984.PDS, moved to PDS/DRISFAP2
2023-08-06 08:52:16.513563 - Found DSNL030I.rexx (text/plain) in CBT.V505.FILE984.PDS, moved to PDS/DSNL030I
2023-08-06 08:52:16.514532 - Found DSNR048I.rexx (text/plain) in CBT.V505.FILE984.PDS, moved to PDS/DSNR048I
2023-08-06 08:52:16.515361 - Found DSNR048N.rexx (text/plain) in CBT.V505.FILE984.PDS, moved to PDS/DSNR048N
2023-08-06 08:52:16.516150 - Found DSNTID33.rexx (text/plain) in CBT.V505.FILE984.PDS, moved to PDS/DSNTID33
2023-08-06 08:52:16.517243 - Found DSN2REX2.rexx (text/plain) in CBT.V505.FILE984.PDS, moved to PDS/DSN2REX2
2023-08-06 08:52:16.518266 - Found DSPZPARM.rexx (text/plain) in CBT.V505.FILE984.PDS, moved to PDS/DSPZPARM
2023-08-06 08:52:16.519323 - Found EXECIO1.rexx (text/plain) in CBT.V505.FILE984.PDS, moved to PDS/EXECIO1
2023-08-06 08:52:16.520183 - Found EXECIO2.rexx (text/plain) in CBT.V505.FILE984.PDS, moved to PDS/EXECIO2
2023-08-06 08:52:16.521037 - Found EXECIO3.rexx (text/plain) in CBT.V505.FILE984.PDS, moved to PDS/EXECIO3
2023-08-06 08:52:16.522069 - Found EXPTREPR.rexx (text/plain) in CBT.V505.FILE984.PDS, moved to PDS/EXPTREPR
2023-08-06 08:52:16.522953 - Found GIM30204.txt (text/plain) in CBT.V505.FILE984.PDS, moved to PDS/GIM30204
2023-08-06 08:52:16.523748 - Found GIM30206.txt (text/plain) in CBT.V505.FILE984.PDS, moved to PDS/GIM30206
2023-08-06 08:52:16.524520 - Found HEX2BIT.rexx (text/plain) in CBT.V505.FILE984.PDS, moved to PDS/HEX2BIT
2023-08-06 08:52:16.525341 - Found HEX2OBJ.txt (text/plain) in CBT.V505.FILE984.PDS, moved to PDS/HEX2OBJ
2023-08-06 08:52:16.526294 - Found HLQLVL.txt (text/plain) in CBT.V505.FILE984.PDS, moved to PDS/HLQLVL
2023-08-06 08:52:16.527198 - Found HLQSPACE.txt (text/plain) in CBT.V505.FILE984.PDS, moved to PDS/HLQSPACE
2023-08-06 08:52:16.528224 - Found HSMCHECK.txt (text/plain) in CBT.V505.FILE984.PDS, moved to PDS/HSMCHECK
2023-08-06 08:52:16.529217 - Found IDIEXITC.rexx (text/plain) in CBT.V505.FILE984.PDS, moved to PDS/IDIEXITC
2023-08-06 08:52:16.530129 - Found IDIEXITE.rexx (text/plain) in CBT.V505.FILE984.PDS, moved to PDS/IDIEXITE
2023-08-06 08:52:16.531078 - Found IDIEXITL.rexx (text/plain) in CBT.V505.FILE984.PDS, moved to PDS/IDIEXITL
2023-08-06 08:52:16.532015 - Found IDIEXITM.rexx (text/plain) in CBT.V505.FILE984.PDS, moved to PDS/IDIEXITM
2023-08-06 08:52:16.533061 - Found IDIEXITN.rexx (text/plain) in CBT.V505.FILE984.PDS, moved to PDS/IDIEXITN
2023-08-06 08:52:16.534111 - Found IDIEXITP.rexx (text/plain) in CBT.V505.FILE984.PDS, moved to PDS/IDIEXITP
2023-08-06 08:52:16.535033 - Found IDIEXITR.rexx (text/plain) in CBT.V505.FILE984.PDS, moved to PDS/IDIEXITR
2023-08-06 08:52:16.535968 - Found IDIEXITS.rexx (text/plain) in CBT.V505.FILE984.PDS, moved to PDS/IDIEXITS
2023-08-06 08:52:16.536852 - Found IDIROBOT.rexx (text/plain) in CBT.V505.FILE984.PDS, moved to PDS/IDIROBOT
2023-08-06 08:52:16.537742 - Found IDISINVK.txt (text/plain) in CBT.V505.FILE984.PDS, moved to PDS/IDISINVK
2023-08-06 08:52:16.538738 - Found IFDEL.txt (text/plain) in CBT.V505.FILE984.PDS, moved to PDS/IFDEL
2023-08-06 08:52:16.539647 - Found INVKDB2C.txt (text/plain) in CBT.V505.FILE984.PDS, moved to PDS/INVKDB2C
2023-08-06 08:52:16.540499 - Found INVKDB2I.txt (text/plain) in CBT.V505.FILE984.PDS, moved to PDS/INVKDB2I
2023-08-06 08:52:16.541375 - Found INVKINST.txt (text/plain) in CBT.V505.FILE984.PDS, moved to PDS/INVKINST
2023-08-06 08:52:16.542211 - Found INVKIPCC.txt (text/plain) in CBT.V505.FILE984.PDS, moved to PDS/INVKIPCC
2023-08-06 08:52:16.543036 - Found INVKIPCD.txt (text/plain) in CBT.V505.FILE984.PDS, moved to PDS/INVKIPCD
2023-08-06 08:52:16.543944 - Found INVKIPCK.txt (text/plain) in CBT.V505.FILE984.PDS, moved to PDS/INVKIPCK
2023-08-06 08:52:16.544803 - Found INVKIPCS.txt (text/plain) in CBT.V505.FILE984.PDS, moved to PDS/INVKIPCS
2023-08-06 08:52:16.545694 - Found IPCSKEN.rexx (text/plain) in CBT.V505.FILE984.PDS, moved to PDS/IPCSKEN
2023-08-06 08:52:16.546651 - Found IPCSKXKE.rexx (text/plain) in CBT.V505.FILE984.PDS, moved to PDS/IPCSKXKE
2023-08-06 08:52:16.547610 - Found IPCSKXTR.rexx (text/plain) in CBT.V505.FILE984.PDS, moved to PDS/IPCSKXTR
2023-08-06 08:52:16.548516 - Found IP4DOTTD.rexx (text/plain) in CBT.V505.FILE984.PDS, moved to PDS/IP4DOTTD
2023-08-06 08:52:16.549389 - Found IP4HEXED.rexx (text/plain) in CBT.V505.FILE984.PDS, moved to PDS/IP4HEXED
2023-08-06 08:52:16.550370 - Found IP4HEX2.rexx (text/plain) in CBT.V505.FILE984.PDS, moved to PDS/IP4HEX2
2023-08-06 08:52:16.551399 - Found IRRRXALL.txt (text/plain) in CBT.V505.FILE984.PDS, moved to PDS/IRRRXALL
2023-08-06 08:52:16.552336 - Found ISPFBTCH.rexx (text/plain) in CBT.V505.FILE984.PDS, moved to PDS/ISPFBTCH
2023-08-06 08:52:16.553355 - Found ISPFIMG.rexx (text/plain) in CBT.V505.FILE984.PDS, moved to PDS/ISPFIMG
2023-08-06 08:52:16.554373 - Found ISPFSTRT.txt (text/plain) in CBT.V505.FILE984.PDS, moved to PDS/ISPFSTRT
2023-08-06 08:52:16.555386 - Found ISPGPROC.rexx (text/plain) in CBT.V505.FILE984.PDS, moved to PDS/ISPGPROC
2023-08-06 08:52:16.556352 - Found ISPG0102.rexx (text/plain) in CBT.V505.FILE984.PDS, moved to PDS/ISPG0102
2023-08-06 08:52:16.557390 - Found ISPG0201.rexx (text/plain) in CBT.V505.FILE984.PDS, moved to PDS/ISPG0201
2023-08-06 08:52:16.558424 - Found ISPG0202.rexx (text/plain) in CBT.V505.FILE984.PDS, moved to PDS/ISPG0202
2023-08-06 08:52:16.559373 - Found ISPG0203.rexx (text/plain) in CBT.V505.FILE984.PDS, moved to PDS/ISPG0203
2023-08-06 08:52:16.560320 - Found ISPG0204.rexx (text/plain) in CBT.V505.FILE984.PDS, moved to PDS/ISPG0204
2023-08-06 08:52:16.561327 - Found ISPG0205.rexx (text/plain) in CBT.V505.FILE984.PDS, moved to PDS/ISPG0205
2023-08-06 08:52:16.562244 - Found ISPG0206.rexx (text/plain) in CBT.V505.FILE984.PDS, moved to PDS/ISPG0206
2023-08-06 08:52:16.563296 - Found ISPG0207.rexx (text/plain) in CBT.V505.FILE984.PDS, moved to PDS/ISPG0207
2023-08-06 08:52:16.564277 - Found ISPG0210.rexx (text/plain) in CBT.V505.FILE984.PDS, moved to PDS/ISPG0210
2023-08-06 08:52:16.565318 - Found ISPG0211.rexx (text/plain) in CBT.V505.FILE984.PDS, moved to PDS/ISPG0211
2023-08-06 08:52:16.566330 - Found ISPG0217.txt (text/plain) in CBT.V505.FILE984.PDS, moved to PDS/ISPG0217
2023-08-06 08:52:16.567308 - Found ISPG0218.rexx (text/plain) in CBT.V505.FILE984.PDS, moved to PDS/ISPG0218
2023-08-06 08:52:16.568343 - Found IWMQVS.txt (text/plain) in CBT.V505.FILE984.PDS, moved to PDS/IWMQVS
2023-08-06 08:52:16.569384 - Found KTPM.rexx (text/plain) in CBT.V505.FILE984.PDS, moved to PDS/KTPM
2023-08-06 08:52:16.570236 - Found KTPMATCH.rexx (text/plain) in CBT.V505.FILE984.PDS, moved to PDS/KTPMATCH
2023-08-06 08:52:16.571153 - Found KTPMATCM.rexx (text/plain) in CBT.V505.FILE984.PDS, moved to PDS/KTPMATCM
2023-08-06 08:52:16.572082 - Found KTPMATCP.rexx (text/plain) in CBT.V505.FILE984.PDS, moved to PDS/KTPMATCP
2023-08-06 08:52:16.573047 - Found KTPMCNSL.rexx (text/plain) in CBT.V505.FILE984.PDS, moved to PDS/KTPMCNSL
2023-08-06 08:52:16.574082 - Found KTPMDEEP.rexx (text/plain) in CBT.V505.FILE984.PDS, moved to PDS/KTPMDEEP
2023-08-06 08:52:16.575041 - Found KTPMINVK.rexx (text/plain) in CBT.V505.FILE984.PDS, moved to PDS/KTPMINVK
2023-08-06 08:52:16.575937 - Found KTPMRUN.rexx (text/plain) in CBT.V505.FILE984.PDS, moved to PDS/KTPMRUN
2023-08-06 08:52:16.576821 - Found KTPMTBL1.rexx (text/plain) in CBT.V505.FILE984.PDS, moved to PDS/KTPMTBL1
2023-08-06 08:52:16.577780 - Found KTPMVIEW.rexx (text/plain) in CBT.V505.FILE984.PDS, moved to PDS/KTPMVIEW
2023-08-06 08:52:16.578743 - Found LE.txt (text/plain) in CBT.V505.FILE984.PDS, moved to PDS/LE
2023-08-06 08:52:16.579660 - Found LOGONTSO.rexx (text/plain) in CBT.V505.FILE984.PDS, moved to PDS/LOGONTSO
2023-08-06 08:52:16.580631 - Found LWA.rexx (text/plain) in CBT.V505.FILE984.PDS, moved to PDS/LWA
2023-08-06 08:52:16.581626 - Found MYALLOC.rexx (text/plain) in CBT.V505.FILE984.PDS, moved to PDS/MYALLOC
2023-08-06 08:52:16.582578 - Found MYDSCB.txt (text/plain) in CBT.V505.FILE984.PDS, moved to PDS/MYDSCB
2023-08-06 08:52:16.583542 - Found NMDIGIT.rexx (text/plain) in CBT.V505.FILE984.PDS, moved to PDS/NMDIGIT
2023-08-06 08:52:16.584499 - Found OBJ2HEX.txt (text/plain) in CBT.V505.FILE984.PDS, moved to PDS/OBJ2HEX
2023-08-06 08:52:16.585526 - Found OBJ2REXX.txt (text/plain) in CBT.V505.FILE984.PDS, moved to PDS/OBJ2REXX
2023-08-06 08:52:16.586423 - Found ONUS.txt (text/plain) in CBT.V505.FILE984.PDS, moved to PDS/ONUS
2023-08-06 08:52:16.587427 - Found PDSEDIT.txt (text/plain) in CBT.V505.FILE984.PDS, moved to PDS/PDSEDIT
2023-08-06 08:52:16.588401 - Found PDSEREAD.txt (text/plain) in CBT.V505.FILE984.PDS, moved to PDS/PDSEREAD
2023-08-06 08:52:16.589367 - Found PDSMACRO.rexx (text/plain) in CBT.V505.FILE984.PDS, moved to PDS/PDSMACRO
2023-08-06 08:52:16.590332 - Found PDSREAD.rexx (text/plain) in CBT.V505.FILE984.PDS, moved to PDS/PDSREAD
2023-08-06 08:52:16.591269 - Found PDSUPDTE.txt (text/plain) in CBT.V505.FILE984.PDS, moved to PDS/PDSUPDTE
2023-08-06 08:52:16.592218 - Found PDS2UPDT.txt (text/plain) in CBT.V505.FILE984.PDS, moved to PDS/PDS2UPDT
2023-08-06 08:52:16.593198 - Found PDS2XMIT.txt (text/plain) in CBT.V505.FILE984.PDS, moved to PDS/PDS2XMIT
2023-08-06 08:52:16.594083 - Found POPUP34.txt (text/plain) in CBT.V505.FILE984.PDS, moved to PDS/POPUP34
2023-08-06 08:52:16.595017 - Found QRYENQ.txt (text/plain) in CBT.V505.FILE984.PDS, moved to PDS/QRYENQ
2023-08-06 08:52:16.595963 - Found RACFACEE.rexx (text/plain) in CBT.V505.FILE984.PDS, moved to PDS/RACFACEE
2023-08-06 08:52:16.596911 - Found RBA2KMG.txt (text/plain) in CBT.V505.FILE984.PDS, moved to PDS/RBA2KMG
2023-08-06 08:52:16.597931 - Found RESETALL.txt (text/plain) in CBT.V505.FILE984.PDS, moved to PDS/RESETALL
2023-08-06 08:52:16.598873 - Found REXR0301.rexx (text/plain) in CBT.V505.FILE984.PDS, moved to PDS/REXR0301
2023-08-06 08:52:16.599788 - Found REXR0302.rexx (text/plain) in CBT.V505.FILE984.PDS, moved to PDS/REXR0302
2023-08-06 08:52:16.600743 - Found REXR0303.rexx (text/plain) in CBT.V505.FILE984.PDS, moved to PDS/REXR0303
2023-08-06 08:52:16.601612 - Found REXR0304.rexx (text/plain) in CBT.V505.FILE984.PDS, moved to PDS/REXR0304
2023-08-06 08:52:16.602450 - Found REXR0305.rexx (text/plain) in CBT.V505.FILE984.PDS, moved to PDS/REXR0305
2023-08-06 08:52:16.603269 - Found REXR0306.rexx (text/plain) in CBT.V505.FILE984.PDS, moved to PDS/REXR0306
2023-08-06 08:52:16.604182 - Found REXR0307.rexx (text/plain) in CBT.V505.FILE984.PDS, moved to PDS/REXR0307
2023-08-06 08:52:16.605061 - Found REXR0308.rexx (text/plain) in CBT.V505.FILE984.PDS, moved to PDS/REXR0308
2023-08-06 08:52:16.606015 - Found REXR0309.rexx (text/plain) in CBT.V505.FILE984.PDS, moved to PDS/REXR0309
2023-08-06 08:52:16.606933 - Found REXR0312.rexx (text/plain) in CBT.V505.FILE984.PDS, moved to PDS/REXR0312
2023-08-06 08:52:16.606944 - Found REXR0313.bin containing application/octet-stream, moved to PDS/REXR0313
2023-08-06 08:52:16.608649 - Found REXR0314.rexx (text/plain) in CBT.V505.FILE984.PDS, moved to PDS/REXR0314
2023-08-06 08:52:16.609627 - Found REXR0315.rexx (text/plain) in CBT.V505.FILE984.PDS, moved to PDS/REXR0315
2023-08-06 08:52:16.610598 - Found REXR0316.rexx (text/plain) in CBT.V505.FILE984.PDS, moved to PDS/REXR0316
2023-08-06 08:52:16.611635 - Found REXR0317.rexx (text/plain) in CBT.V505.FILE984.PDS, moved to PDS/REXR0317
2023-08-06 08:52:16.612566 - Found REXR0318.rexx (text/plain) in CBT.V505.FILE984.PDS, moved to PDS/REXR0318
2023-08-06 08:52:16.613538 - Found REXR0319.rexx (text/plain) in CBT.V505.FILE984.PDS, moved to PDS/REXR0319
2023-08-06 08:52:16.614525 - Found REXR0320.rexx (text/plain) in CBT.V505.FILE984.PDS, moved to PDS/REXR0320
2023-08-06 08:52:16.615414 - Found REXR0321.rexx (text/plain) in CBT.V505.FILE984.PDS, moved to PDS/REXR0321
2023-08-06 08:52:16.616345 - Found REXR0322.rexx (text/plain) in CBT.V505.FILE984.PDS, moved to PDS/REXR0322
2023-08-06 08:52:16.617235 - Found REXR0323.rexx (text/plain) in CBT.V505.FILE984.PDS, moved to PDS/REXR0323
2023-08-06 08:52:16.618086 - Found REXR0324.rexx (text/plain) in CBT.V505.FILE984.PDS, moved to PDS/REXR0324
2023-08-06 08:52:16.619035 - Found REXR0401.rexx (text/plain) in CBT.V505.FILE984.PDS, moved to PDS/REXR0401
2023-08-06 08:52:16.619970 - Found REXR0402.rexx (text/plain) in CBT.V505.FILE984.PDS, moved to PDS/REXR0402
2023-08-06 08:52:16.620905 - Found REXR0403.rexx (text/plain) in CBT.V505.FILE984.PDS, moved to PDS/REXR0403
2023-08-06 08:52:16.621902 - Found REXR0404.rexx (text/plain) in CBT.V505.FILE984.PDS, moved to PDS/REXR0404
2023-08-06 08:52:16.622830 - Found REXR0405.rexx (text/plain) in CBT.V505.FILE984.PDS, moved to PDS/REXR0405
2023-08-06 08:52:16.623701 - Found REXR0406.rexx (text/plain) in CBT.V505.FILE984.PDS, moved to PDS/REXR0406
2023-08-06 08:52:16.624654 - Found REXR0407.rexx (text/plain) in CBT.V505.FILE984.PDS, moved to PDS/REXR0407
2023-08-06 08:52:16.625619 - Found REXR0408.rexx (text/plain) in CBT.V505.FILE984.PDS, moved to PDS/REXR0408
2023-08-06 08:52:16.626566 - Found REXR0409.rexx (text/plain) in CBT.V505.FILE984.PDS, moved to PDS/REXR0409
2023-08-06 08:52:16.627419 - Found REXR0410.rexx (text/plain) in CBT.V505.FILE984.PDS, moved to PDS/REXR0410
2023-08-06 08:52:16.628231 - Found REXR0411.rexx (text/plain) in CBT.V505.FILE984.PDS, moved to PDS/REXR0411
2023-08-06 08:52:16.629259 - Found REXR0412.rexx (text/plain) in CBT.V505.FILE984.PDS, moved to PDS/REXR0412
2023-08-06 08:52:16.630165 - Found REXR0413.rexx (text/plain) in CBT.V505.FILE984.PDS, moved to PDS/REXR0413
2023-08-06 08:52:16.631176 - Found REXR0414.rexx (text/plain) in CBT.V505.FILE984.PDS, moved to PDS/REXR0414
2023-08-06 08:52:16.632148 - Found REXR0415.rexx (text/plain) in CBT.V505.FILE984.PDS, moved to PDS/REXR0415
2023-08-06 08:52:16.633139 - Found REXR0416.rexx (text/plain) in CBT.V505.FILE984.PDS, moved to PDS/REXR0416
2023-08-06 08:52:16.634067 - Found REXR0417.rexx (text/plain) in CBT.V505.FILE984.PDS, moved to PDS/REXR0417
2023-08-06 08:52:16.635052 - Found REXR0418.rexx (text/plain) in CBT.V505.FILE984.PDS, moved to PDS/REXR0418
2023-08-06 08:52:16.636014 - Found REXR0419.rexx (text/plain) in CBT.V505.FILE984.PDS, moved to PDS/REXR0419
2023-08-06 08:52:16.637015 - Found REXR0420.rexx (text/plain) in CBT.V505.FILE984.PDS, moved to PDS/REXR0420
2023-08-06 08:52:16.637919 - Found REXR0421.rexx (text/plain) in CBT.V505.FILE984.PDS, moved to PDS/REXR0421
2023-08-06 08:52:16.638879 - Found REXR0422.rexx (text/plain) in CBT.V505.FILE984.PDS, moved to PDS/REXR0422
2023-08-06 08:52:16.639815 - Found REXR0425.rexx (text/plain) in CBT.V505.FILE984.PDS, moved to PDS/REXR0425
2023-08-06 08:52:16.640624 - Found REXR0426.rexx (text/plain) in CBT.V505.FILE984.PDS, moved to PDS/REXR0426
2023-08-06 08:52:16.641448 - Found REXR0427.rexx (text/plain) in CBT.V505.FILE984.PDS, moved to PDS/REXR0427
2023-08-06 08:52:16.642380 - Found REXR0428.rexx (text/plain) in CBT.V505.FILE984.PDS, moved to PDS/REXR0428
2023-08-06 08:52:16.643177 - Found REXR0429.rexx (text/plain) in CBT.V505.FILE984.PDS, moved to PDS/REXR0429
2023-08-06 08:52:16.643971 - Found REXR0430.rexx (text/plain) in CBT.V505.FILE984.PDS, moved to PDS/REXR0430
2023-08-06 08:52:16.644814 - Found REXR0431.rexx (text/plain) in CBT.V505.FILE984.PDS, moved to PDS/REXR0431
2023-08-06 08:52:16.645699 - Found REXR0432.rexx (text/plain) in CBT.V505.FILE984.PDS, moved to PDS/REXR0432
2023-08-06 08:52:16.646675 - Found REXR0433.rexx (text/plain) in CBT.V505.FILE984.PDS, moved to PDS/REXR0433
2023-08-06 08:52:16.647518 - Found REXR0434.rexx (text/plain) in CBT.V505.FILE984.PDS, moved to PDS/REXR0434
2023-08-06 08:52:16.648381 - Found REXR0435.rexx (text/plain) in CBT.V505.FILE984.PDS, moved to PDS/REXR0435
2023-08-06 08:52:16.649226 - Found REXR0436.rexx (text/plain) in CBT.V505.FILE984.PDS, moved to PDS/REXR0436
2023-08-06 08:52:16.650055 - Found REXR0437.rexx (text/plain) in CBT.V505.FILE984.PDS, moved to PDS/REXR0437
2023-08-06 08:52:16.650999 - Found REXR0438.rexx (text/plain) in CBT.V505.FILE984.PDS, moved to PDS/REXR0438
2023-08-06 08:52:16.651853 - Found REXR0439.rexx (text/plain) in CBT.V505.FILE984.PDS, moved to PDS/REXR0439
2023-08-06 08:52:16.652784 - Found REXR0440.rexx (text/plain) in CBT.V505.FILE984.PDS, moved to PDS/REXR0440
2023-08-06 08:52:16.653694 - Found REXR0441.rexx (text/plain) in CBT.V505.FILE984.PDS, moved to PDS/REXR0441
2023-08-06 08:52:16.654649 - Found REXR0442.rexx (text/plain) in CBT.V505.FILE984.PDS, moved to PDS/REXR0442
2023-08-06 08:52:16.655699 - Found REXR0443.rexx (text/plain) in CBT.V505.FILE984.PDS, moved to PDS/REXR0443
2023-08-06 08:52:16.656634 - Found REXR0444.rexx (text/plain) in CBT.V505.FILE984.PDS, moved to PDS/REXR0444
2023-08-06 08:52:16.657495 - Found REXR0445.rexx (text/plain) in CBT.V505.FILE984.PDS, moved to PDS/REXR0445
2023-08-06 08:52:16.658490 - Found REXR0446.rexx (text/plain) in CBT.V505.FILE984.PDS, moved to PDS/REXR0446
2023-08-06 08:52:16.659415 - Found REXR0447.rexx (text/plain) in CBT.V505.FILE984.PDS, moved to PDS/REXR0447
2023-08-06 08:52:16.660380 - Found REXR0448.rexx (text/plain) in CBT.V505.FILE984.PDS, moved to PDS/REXR0448
2023-08-06 08:52:16.661388 - Found REXR0449.rexx (text/plain) in CBT.V505.FILE984.PDS, moved to PDS/REXR0449
2023-08-06 08:52:16.662388 - Found REXR0450.rexx (text/plain) in CBT.V505.FILE984.PDS, moved to PDS/REXR0450
2023-08-06 08:52:16.663348 - Found REXR0451.rexx (text/plain) in CBT.V505.FILE984.PDS, moved to PDS/REXR0451
2023-08-06 08:52:16.664269 - Found REXR0452.rexx (text/plain) in CBT.V505.FILE984.PDS, moved to PDS/REXR0452
2023-08-06 08:52:16.665239 - Found REXR0453.rexx (text/plain) in CBT.V505.FILE984.PDS, moved to PDS/REXR0453
2023-08-06 08:52:16.666213 - Found REXR0454.rexx (text/plain) in CBT.V505.FILE984.PDS, moved to PDS/REXR0454
2023-08-06 08:52:16.667175 - Found REXR0455.rexx (text/plain) in CBT.V505.FILE984.PDS, moved to PDS/REXR0455
2023-08-06 08:52:16.668128 - Found REXR0456.rexx (text/plain) in CBT.V505.FILE984.PDS, moved to PDS/REXR0456
2023-08-06 08:52:16.669082 - Found REXR0457.rexx (text/plain) in CBT.V505.FILE984.PDS, moved to PDS/REXR0457
2023-08-06 08:52:16.670053 - Found REXR0458.rexx (text/plain) in CBT.V505.FILE984.PDS, moved to PDS/REXR0458
2023-08-06 08:52:16.671069 - Found REXR0459.rexx (text/plain) in CBT.V505.FILE984.PDS, moved to PDS/REXR0459
2023-08-06 08:52:16.671993 - Found REXR0460.rexx (text/plain) in CBT.V505.FILE984.PDS, moved to PDS/REXR0460
2023-08-06 08:52:16.672902 - Found REXR0461.rexx (text/plain) in CBT.V505.FILE984.PDS, moved to PDS/REXR0461
2023-08-06 08:52:16.673850 - Found REXR0462.rexx (text/plain) in CBT.V505.FILE984.PDS, moved to PDS/REXR0462
2023-08-06 08:52:16.674791 - Found REXR0463.rexx (text/plain) in CBT.V505.FILE984.PDS, moved to PDS/REXR0463
2023-08-06 08:52:16.675737 - Found REXR0464.rexx (text/plain) in CBT.V505.FILE984.PDS, moved to PDS/REXR0464
2023-08-06 08:52:16.676627 - Found REXR0465.rexx (text/plain) in CBT.V505.FILE984.PDS, moved to PDS/REXR0465
2023-08-06 08:52:16.677570 - Found REXR0471.rexx (text/plain) in CBT.V505.FILE984.PDS, moved to PDS/REXR0471
2023-08-06 08:52:16.678479 - Found REXR0472.rexx (text/plain) in CBT.V505.FILE984.PDS, moved to PDS/REXR0472
2023-08-06 08:52:16.679377 - Found REXR0473.rexx (text/plain) in CBT.V505.FILE984.PDS, moved to PDS/REXR0473
2023-08-06 08:52:16.680299 - Found REXR0474.rexx (text/plain) in CBT.V505.FILE984.PDS, moved to PDS/REXR0474
2023-08-06 08:52:16.681180 - Found REXR0475.rexx (text/plain) in CBT.V505.FILE984.PDS, moved to PDS/REXR0475
2023-08-06 08:52:16.682146 - Found REXR0476.rexx (text/plain) in CBT.V505.FILE984.PDS, moved to PDS/REXR0476
2023-08-06 08:52:16.683012 - Found REXR0477.rexx (text/plain) in CBT.V505.FILE984.PDS, moved to PDS/REXR0477
2023-08-06 08:52:16.683852 - Found REXR0478.rexx (text/plain) in CBT.V505.FILE984.PDS, moved to PDS/REXR0478
2023-08-06 08:52:16.684774 - Found REXR0479.rexx (text/plain) in CBT.V505.FILE984.PDS, moved to PDS/REXR0479
2023-08-06 08:52:16.685604 - Found REXR0480.rexx (text/plain) in CBT.V505.FILE984.PDS, moved to PDS/REXR0480
2023-08-06 08:52:16.686591 - Found REXR0481.rexx (text/plain) in CBT.V505.FILE984.PDS, moved to PDS/REXR0481
2023-08-06 08:52:16.687468 - Found REXR0506.rexx (text/plain) in CBT.V505.FILE984.PDS, moved to PDS/REXR0506
2023-08-06 08:52:16.688334 - Found REXR1001.rexx (text/plain) in CBT.V505.FILE984.PDS, moved to PDS/REXR1001
2023-08-06 08:52:16.689206 - Found REXR1002.rexx (text/plain) in CBT.V505.FILE984.PDS, moved to PDS/REXR1002
2023-08-06 08:52:16.690135 - Found REXR1003.rexx (text/plain) in CBT.V505.FILE984.PDS, moved to PDS/REXR1003
2023-08-06 08:52:16.690988 - Found REXR1004.rexx (text/plain) in CBT.V505.FILE984.PDS, moved to PDS/REXR1004
2023-08-06 08:52:16.691885 - Found REXR1008.rexx (text/plain) in CBT.V505.FILE984.PDS, moved to PDS/REXR1008
2023-08-06 08:52:16.692734 - Found REXR1009.rexx (text/plain) in CBT.V505.FILE984.PDS, moved to PDS/REXR1009
2023-08-06 08:52:16.693719 - Found REXR1010.rexx (text/plain) in CBT.V505.FILE984.PDS, moved to PDS/REXR1010
2023-08-06 08:52:16.694627 - Found REXR1011.rexx (text/plain) in CBT.V505.FILE984.PDS, moved to PDS/REXR1011
2023-08-06 08:52:16.695581 - Found REXR1012.rexx (text/plain) in CBT.V505.FILE984.PDS, moved to PDS/REXR1012
2023-08-06 08:52:16.696467 - Found REXR1014.rexx (text/plain) in CBT.V505.FILE984.PDS, moved to PDS/REXR1014
2023-08-06 08:52:16.697362 - Found REXXD.rexx (text/plain) in CBT.V505.FILE984.PDS, moved to PDS/REXXD
2023-08-06 08:52:16.698421 - Found REXZPARM.txt (text/plain) in CBT.V505.FILE984.PDS, moved to PDS/REXZPARM
2023-08-06 08:52:16.700476 - Found RXSMFDB2.txt (text/plain) in CBT.V505.FILE984.PDS, moved to PDS/RXSMFDB2
2023-08-06 08:52:16.701435 - Found RXSMF030.rexx (text/plain) in CBT.V505.FILE984.PDS, moved to PDS/RXSMF030
2023-08-06 08:52:16.702305 - Found RXSMF30.txt (text/plain) in CBT.V505.FILE984.PDS, moved to PDS/RXSMF30
2023-08-06 08:52:16.703173 - Found SDUMPKT.txt (text/plain) in CBT.V505.FILE984.PDS, moved to PDS/SDUMPKT
2023-08-06 08:52:16.704040 - Found SETREG15.rexx (text/plain) in CBT.V505.FILE984.PDS, moved to PDS/SETREG15
2023-08-06 08:52:16.704995 - Found SETSTATS.txt (text/plain) in CBT.V505.FILE984.PDS, moved to PDS/SETSTATS
2023-08-06 08:52:16.705908 - Found SHOWDIRS.rexx (text/plain) in CBT.V505.FILE984.PDS, moved to PDS/SHOWDIRS
2023-08-06 08:52:16.706765 - Found SHOWDSCB.rexx (text/plain) in CBT.V505.FILE984.PDS, moved to PDS/SHOWDSCB
2023-08-06 08:52:16.707601 - Found SHOWPARM.txt (text/plain) in CBT.V505.FILE984.PDS, moved to PDS/SHOWPARM
2023-08-06 08:52:16.708487 - Found SLEEPING.txt (text/plain) in CBT.V505.FILE984.PDS, moved to PDS/SLEEPING
2023-08-06 08:52:16.709430 - Found SMFRCD30.rexx (text/plain) in CBT.V505.FILE984.PDS, moved to PDS/SMFRCD30
2023-08-06 08:52:16.710463 - Found SMFTYPES.rexx (text/plain) in CBT.V505.FILE984.PDS, moved to PDS/SMFTYPES
2023-08-06 08:52:16.711593 - Found SORTBYHX.rexx (text/plain) in CBT.V505.FILE984.PDS, moved to PDS/SORTBYHX
2023-08-06 08:52:16.712535 - Found SPFPROCK.rexx (text/plain) in CBT.V505.FILE984.PDS, moved to PDS/SPFPROCK
2023-08-06 08:52:16.713470 - Found STEROIDS.rexx (text/plain) in CBT.V505.FILE984.PDS, moved to PDS/STEROIDS
2023-08-06 08:52:16.714306 - Found TSAD0920.rexx (text/plain) in CBT.V505.FILE984.PDS, moved to PDS/TSAD0920
2023-08-06 08:52:16.715145 - Found TSAD0950.rexx (text/plain) in CBT.V505.FILE984.PDS, moved to PDS/TSAD0950
2023-08-06 08:52:16.715995 - Found URLCHECK.txt (text/plain) in CBT.V505.FILE984.PDS, moved to PDS/URLCHECK
2023-08-06 08:52:16.716903 - Found VARQUERY.txt (text/plain) in CBT.V505.FILE984.PDS, moved to PDS/VARQUERY
2023-08-06 08:52:16.717991 - Found VIEWHELP.txt (text/plain) in CBT.V505.FILE984.PDS, moved to PDS/VIEWHELP
2023-08-06 08:52:16.719065 - Found WRITES.rexx (text/plain) in CBT.V505.FILE984.PDS, moved to PDS/WRITES
2023-08-06 08:52:16.720087 - Found ZERRLONG.txt (text/plain) in CBT.V505.FILE984.PDS, moved to PDS/ZERRLONG
